1
Running Checks at 09:55:19 On 23/01/2020
All domains already have our current IP, So no updates nescessary
Running Checks at 09:55:21 On 23/01/2020
All domains already have our current IP, So no updates nescessary
Running Checks at 09:55:23 On 23/01/2020
All domains already have our current IP, So no updates nescessary
Exiting on CTRL+C
Running Checks at 10:14:22 On 23/01/2020
All domains already have our current IP, So no updates nescessary
Running Checks at 10:14:24 On 23/01/2020
All domains already have our current IP, So no updates nescessary
Running Checks at 10:14:26 On 23/01/2020
All domains already have our current IP, So no updates nescessary
Running Checks at 10:14:28 On 23/01/2020
All domains already have our current IP, So no updates nescessary
Running Checks at 10:14:29 On 23/01/2020
All domains already have our current IP, So no updates nescessary
Running Checks at 10:14:31 On 23/01/2020
All domains already have our current IP, So no updates nescessary
Running Checks at 10:14:33 On 23/01/2020
All domains already have our current IP, So no updates nescessary
Running Checks at 10:14:35 On 23/01/2020
All domains already have our current IP, So no updates nescessary
Running Checks at 10:14:37 On 23/01/2020
All domains already have our current IP, So no updates nescessary
Running Checks at 10:14:38 On 23/01/2020
All domains already have our current IP, So no updates nescessary
Running Checks at 10:14:40 On 23/01/2020
All domains already have our current IP, So no updates nescessary
Running Checks at 10:14:42 On 23/01/2020
All domains already have our current IP, So no updates nescessary
Running Checks at 10:14:44 On 23/01/2020
All domains already have our current IP, So no updates nescessary
Running Checks at 10:14:46 On 23/01/2020
All domains already have our current IP, So no updates nescessary
Running Checks at 10:14:49 On 23/01/2020
All domains already have our current IP, So no updates nescessary
Running Checks at 10:14:51 On 23/01/2020
All domains already have our current IP, So no updates nescessary
Running Checks at 10:14:53 On 23/01/2020
All domains already have our current IP, So no updates nescessary
Running Checks at 10:14:54 On 23/01/2020
All domains already have our current IP, So no updates nescessary
Running Checks at 10:14:56 On 23/01/2020
All domains already have our current IP, So no updates nescessary
Running Checks at 10:14:58 On 23/01/2020
All domains already have our current IP, So no updates nescessary
Running Checks at 10:15:00 On 23/01/2020
All domains already have our current IP, So no updates nescessary
Running Checks at 10:15:02 On 23/01/2020
All domains already have our current IP, So no updates nescessary
Running Checks at 10:15:03 On 23/01/2020
All domains already have our current IP, So no updates nescessary
Running Checks at 10:15:05 On 23/01/2020
All domains already have our current IP, So no updates nescessary
Running Checks at 10:15:07 On 23/01/2020
All domains already have our current IP, So no updates nescessary
Running Checks at 10:15:09 On 23/01/2020
All domains already have our current IP, So no updates nescessary
Running Checks at 10:15:11 On 23/01/2020
All domains already have our current IP, So no updates nescessary
Running Checks at 10:15:13 On 23/01/2020
All domains already have our current IP, So no updates nescessary
Running Checks at 10:15:14 On 23/01/2020
All domains already have our current IP, So no updates nescessary
Running Checks at 10:15:16 On 23/01/2020
All domains already have our current IP, So no updates nescessary
Running Checks at 10:15:18 On 23/01/2020
All domains already have our current IP, So no updates nescessary
Running Checks at 10:15:20 On 23/01/2020
All domains already have our current IP, So no updates nescessary
Running Checks at 10:15:22 On 23/01/2020
All domains already have our current IP, So no updates nescessary
Running Checks at 10:15:24 On 23/01/2020
All domains already have our current IP, So no updates nescessary
Running Checks at 10:15:25 On 23/01/2020
All domains already have our current IP, So no updates nescessary
Running Checks at 10:15:27 On 23/01/2020
All domains already have our current IP, So no updates nescessary
Running Checks at 10:15:29 On 23/01/2020
All domains already have our current IP, So no updates nescessary
Running Checks at 10:15:31 On 23/01/2020
All domains already have our current IP, So no updates nescessary
Running Checks at 10:15:33 On 23/01/2020
All domains already have our current IP, So no updates nescessary
Running Checks at 10:15:35 On 23/01/2020
All domains already have our current IP, So no updates nescessary
Running Checks at 10:15:36 On 23/01/2020
All domains already have our current IP, So no updates nescessary
Running Checks at 10:15:38 On 23/01/2020
All domains already have our current IP, So no updates nescessary
Running Checks at 10:15:40 On 23/01/2020
All domains already have our current IP, So no updates nescessary
Running Checks at 10:15:42 On 23/01/2020
All domains already have our current IP, So no updates nescessary
Running Checks at 10:15:44 On 23/01/2020
All domains already have our current IP, So no updates nescessary
Running Checks at 10:15:46 On 23/01/2020
All domains already have our current IP, So no updates nescessary
Running Checks at 10:15:47 On 23/01/2020
All domains already have our current IP, So no updates nescessary
Running Checks at 10:15:49 On 23/01/2020
All domains already have our current IP, So no updates nescessary
Running Checks at 10:15:51 On 23/01/2020
All domains already have our current IP, So no updates nescessary
Running Checks at 10:15:53 On 23/01/2020
All domains already have our current IP, So no updates nescessary
Running Checks at 10:15:55 On 23/01/2020
All domains already have our current IP, So no updates nescessary
Running Checks at 10:15:56 On 23/01/2020
All domains already have our current IP, So no updates nescessary
Running Checks at 10:15:58 On 23/01/2020
All domains already have our current IP, So no updates nescessary
Running Checks at 10:16:00 On 23/01/2020
All domains already have our current IP, So no updates nescessary
Running Checks at 10:16:02 On 23/01/2020
All domains already have our current IP, So no updates nescessary
Running Checks at 10:16:04 On 23/01/2020
All domains already have our current IP, So no updates nescessary
Running Checks at 10:16:06 On 23/01/2020
All domains already have our current IP, So no updates nescessary
Running Checks at 10:16:07 On 23/01/2020
All domains already have our current IP, So no updates nescessary
Running Checks at 10:16:09 On 23/01/2020
All domains already have our current IP, So no updates nescessary
Running Checks at 10:16:11 On 23/01/2020
All domains already have our current IP, So no updates nescessary
Running Checks at 10:16:13 On 23/01/2020
All domains already have our current IP, So no updates nescessary
Running Checks at 10:16:15 On 23/01/2020
All domains already have our current IP, So no updates nescessary
Running Checks at 10:16:16 On 23/01/2020
All domains already have our current IP, So no updates nescessary
Running Checks at 10:16:18 On 23/01/2020
All domains already have our current IP, So no updates nescessary
Running Checks at 10:16:20 On 23/01/2020
All domains already have our current IP, So no updates nescessary
Running Checks at 10:16:22 On 23/01/2020
All domains already have our current IP, So no updates nescessary
Running Checks at 10:16:24 On 23/01/2020
All domains already have our current IP, So no updates nescessary
Running Checks at 10:16:25 On 23/01/2020
All domains already have our current IP, So no updates nescessary
Running Checks at 10:16:27 On 23/01/2020
All domains already have our current IP, So no updates nescessary
Running Checks at 10:16:29 On 23/01/2020
All domains already have our current IP, So no updates nescessary
Running Checks at 10:16:31 On 23/01/2020
All domains already have our current IP, So no updates nescessary
Running Checks at 10:16:33 On 23/01/2020
All domains already have our current IP, So no updates nescessary
Running Checks at 10:16:35 On 23/01/2020
All domains already have our current IP, So no updates nescessary
Running Checks at 10:16:36 On 23/01/2020
All domains already have our current IP, So no updates nescessary
Running Checks at 10:16:38 On 23/01/2020
All domains already have our current IP, So no updates nescessary
Running Checks at 10:16:40 On 23/01/2020
All domains already have our current IP, So no updates nescessary
Running Checks at 10:16:42 On 23/01/2020
All domains already have our current IP, So no updates nescessary
Running Checks at 10:16:44 On 23/01/2020
All domains already have our current IP, So no updates nescessary
Running Checks at 10:16:46 On 23/01/2020
All domains already have our current IP, So no updates nescessary
Running Checks at 10:16:47 On 23/01/2020
All domains already have our current IP, So no updates nescessary
Running Checks at 10:16:49 On 23/01/2020
All domains already have our current IP, So no updates nescessary
Running Checks at 10:16:51 On 23/01/2020
All domains already have our current IP, So no updates nescessary
Running Checks at 10:16:53 On 23/01/2020
All domains already have our current IP, So no updates nescessary
Running Checks at 10:16:55 On 23/01/2020
All domains already have our current IP, So no updates nescessary
Running Checks at 10:16:56 On 23/01/2020
All domains already have our current IP, So no updates nescessary
Running Checks at 10:16:58 On 23/01/2020
All domains already have our current IP, So no updates nescessary
Running Checks at 10:17:00 On 23/01/2020
All domains already have our current IP, So no updates nescessary
Running Checks at 10:17:02 On 23/01/2020
All domains already have our current IP, So no updates nescessary
Running Checks at 10:17:04 On 23/01/2020
All domains already have our current IP, So no updates nescessary
Running Checks at 10:17:05 On 23/01/2020
All domains already have our current IP, So no updates nescessary
Running Checks at 10:17:07 On 23/01/2020
All domains already have our current IP, So no updates nescessary
Running Checks at 10:17:09 On 23/01/2020
All domains already have our current IP, So no updates nescessary
Running Checks at 10:17:11 On 23/01/2020
All domains already have our current IP, So no updates nescessary
Running Checks at 10:17:13 On 23/01/2020
All domains already have our current IP, So no updates nescessary
Running Checks at 10:17:14 On 23/01/2020
All domains already have our current IP, So no updates nescessary
Running Checks at 10:17:16 On 23/01/2020
All domains already have our current IP, So no updates nescessary
Running Checks at 10:17:18 On 23/01/2020
All domains already have our current IP, So no updates nescessary
Running Checks at 10:17:20 On 23/01/2020
All domains already have our current IP, So no updates nescessary
Running Checks at 10:17:22 On 23/01/2020
All domains already have our current IP, So no updates nescessary
Running Checks at 10:17:24 On 23/01/2020
All domains already have our current IP, So no updates nescessary
Running Checks at 10:17:25 On 23/01/2020
All domains already have our current IP, So no updates nescessary
Running Checks at 10:17:27 On 23/01/2020
All domains already have our current IP, So no updates nescessary
Running Checks at 10:17:29 On 23/01/2020
All domains already have our current IP, So no updates nescessary
Running Checks at 10:17:31 On 23/01/2020
All domains already have our current IP, So no updates nescessary
Running Checks at 10:17:33 On 23/01/2020
All domains already have our current IP, So no updates nescessary
Running Checks at 10:17:34 On 23/01/2020
All domains already have our current IP, So no updates nescessary
Running Checks at 10:17:36 On 23/01/2020
All domains already have our current IP, So no updates nescessary
Running Checks at 10:17:38 On 23/01/2020
All domains already have our current IP, So no updates nescessary
Running Checks at 10:17:40 On 23/01/2020
All domains already have our current IP, So no updates nescessary
Running Checks at 10:17:42 On 23/01/2020
All domains already have our current IP, So no updates nescessary
Running Checks at 10:17:43 On 23/01/2020
All domains already have our current IP, So no updates nescessary
Running Checks at 10:17:45 On 23/01/2020
All domains already have our current IP, So no updates nescessary
Running Checks at 10:17:47 On 23/01/2020
All domains already have our current IP, So no updates nescessary
Running Checks at 10:17:49 On 23/01/2020
All domains already have our current IP, So no updates nescessary
Running Checks at 10:17:51 On 23/01/2020
All domains already have our current IP, So no updates nescessary
Running Checks at 10:17:52 On 23/01/2020
All domains already have our current IP, So no updates nescessary
Running Checks at 10:17:54 On 23/01/2020
All domains already have our current IP, So no updates nescessary
Running Checks at 10:17:56 On 23/01/2020
All domains already have our current IP, So no updates nescessary
Running Checks at 10:17:58 On 23/01/2020
All domains already have our current IP, So no updates nescessary
Running Checks at 10:18:00 On 23/01/2020
All domains already have our current IP, So no updates nescessary
Running Checks at 10:18:02 On 23/01/2020
All domains already have our current IP, So no updates nescessary
Running Checks at 10:18:03 On 23/01/2020
All domains already have our current IP, So no updates nescessary
Running Checks at 10:18:05 On 23/01/2020
All domains already have our current IP, So no updates nescessary
Running Checks at 10:18:07 On 23/01/2020
All domains already have our current IP, So no updates nescessary
Running Checks at 10:18:09 On 23/01/2020
All domains already have our current IP, So no updates nescessary
Running Checks at 10:18:11 On 23/01/2020
All domains already have our current IP, So no updates nescessary
Running Checks at 10:18:12 On 23/01/2020
All domains already have our current IP, So no updates nescessary
Running Checks at 10:18:14 On 23/01/2020
All domains already have our current IP, So no updates nescessary
Running Checks at 10:18:16 On 23/01/2020
All domains already have our current IP, So no updates nescessary
Running Checks at 10:18:18 On 23/01/2020
All domains already have our current IP, So no updates nescessary
Running Checks at 10:18:20 On 23/01/2020
All domains already have our current IP, So no updates nescessary
Running Checks at 10:18:21 On 23/01/2020
All domains already have our current IP, So no updates nescessary
Running Checks at 10:18:23 On 23/01/2020
All domains already have our current IP, So no updates nescessary
Running Checks at 10:18:25 On 23/01/2020
All domains already have our current IP, So no updates nescessary
Running Checks at 10:18:27 On 23/01/2020
All domains already have our current IP, So no updates nescessary
Running Checks at 10:18:29 On 23/01/2020
All domains already have our current IP, So no updates nescessary
Running Checks at 10:18:30 On 23/01/2020
All domains already have our current IP, So no updates nescessary
Running Checks at 10:18:32 On 23/01/2020
All domains already have our current IP, So no updates nescessary
Running Checks at 10:18:34 On 23/01/2020
All domains already have our current IP, So no updates nescessary
Running Checks at 10:18:36 On 23/01/2020
All domains already have our current IP, So no updates nescessary
Running Checks at 10:18:38 On 23/01/2020
All domains already have our current IP, So no updates nescessary
Running Checks at 10:18:39 On 23/01/2020
All domains already have our current IP, So no updates nescessary
Running Checks at 10:18:41 On 23/01/2020
All domains already have our current IP, So no updates nescessary
Running Checks at 10:18:43 On 23/01/2020
All domains already have our current IP, So no updates nescessary
Running Checks at 10:18:45 On 23/01/2020
All domains already have our current IP, So no updates nescessary
Running Checks at 10:18:47 On 23/01/2020
All domains already have our current IP, So no updates nescessary
Running Checks at 10:18:49 On 23/01/2020
All domains already have our current IP, So no updates nescessary
Running Checks at 10:18:50 On 23/01/2020
All domains already have our current IP, So no updates nescessary
Running Checks at 10:18:52 On 23/01/2020
All domains already have our current IP, So no updates nescessary
Running Checks at 10:18:54 On 23/01/2020
All domains already have our current IP, So no updates nescessary
Running Checks at 10:18:56 On 23/01/2020
All domains already have our current IP, So no updates nescessary
Running Checks at 10:18:58 On 23/01/2020
All domains already have our current IP, So no updates nescessary
Running Checks at 10:18:59 On 23/01/2020
All domains already have our current IP, So no updates nescessary
Running Checks at 10:19:01 On 23/01/2020
All domains already have our current IP, So no updates nescessaryRunning Checks at 11:30:06 On 23/01/2020
All domains already have our current IP, So no updates nescessary
Running Checks at 11:30:08 On 23/01/2020
All domains already have our current IP, So no updates nescessary
Running Checks at 11:30:10 On 23/01/2020
All domains already have our current IP, So no updates nescessary
Running Checks at 11:30:12 On 23/01/2020
All domains already have our current IP, So no updates nescessary
Running Checks at 11:30:14 On 23/01/2020
All domains already have our current IP, So no updates nescessary
Running Checks at 11:30:15 On 23/01/2020
All domains already have our current IP, So no updates nescessary
Running Checks at 11:30:17 On 23/01/2020
All domains already have our current IP, So no updates nescessary
Running Checks at 11:30:19 On 23/01/2020
All domains already have our current IP, So no updates nescessary
Running Checks at 11:30:21 On 23/01/2020
All domains already have our current IP, So no updates nescessary
Running Checks at 11:30:23 On 23/01/2020
All domains already have our current IP, So no updates nescessary
Running Checks at 11:30:25 On 23/01/2020
All domains already have our current IP, So no updates nescessary
Running Checks at 11:30:26 On 23/01/2020
All domains already have our current IP, So no updates nescessary
Running Checks at 11:30:28 On 23/01/2020
All domains already have our current IP, So no updates nescessary
Running Checks at 11:30:30 On 23/01/2020
All domains already have our current IP, So no updates nescessary
Running Checks at 11:30:32 On 23/01/2020
All domains already have our current IP, So no updates nescessary
Running Checks at 11:30:34 On 23/01/2020
All domains already have our current IP, So no updates nescessary
Running Checks at 11:30:35 On 23/01/2020
All domains already have our current IP, So no updates nescessary
Running Checks at 11:30:37 On 23/01/2020
All domains already have our current IP, So no updates nescessary
Running Checks at 11:30:39 On 23/01/2020
All domains already have our current IP, So no updates nescessary
Running Checks at 11:30:41 On 23/01/2020
All domains already have our current IP, So no updates nescessary
Running Checks at 11:30:43 On 23/01/2020
All domains already have our current IP, So no updates nescessary
Running Checks at 11:30:45 On 23/01/2020
All domains already have our current IP, So no updates nescessary
Running Checks at 11:30:46 On 23/01/2020
All domains already have our current IP, So no updates nescessary
Running Checks at 11:30:48 On 23/01/2020
All domains already have our current IP, So no updates nescessary
Running Checks at 11:30:50 On 23/01/2020
All domains already have our current IP, So no updates nescessary
Running Checks at 11:30:52 On 23/01/2020
All domains already have our current IP, So no updates nescessary
Running Checks at 11:30:54 On 23/01/2020
All domains already have our current IP, So no updates nescessary
Running Checks at 11:30:55 On 23/01/2020
All domains already have our current IP, So no updates nescessary
Running Checks at 11:30:57 On 23/01/2020
All domains already have our current IP, So no updates nescessary
Running Checks at 11:30:59 On 23/01/2020
All domains already have our current IP, So no updates nescessary
Running Checks at 11:31:01 On 23/01/2020
All domains already have our current IP, So no updates nescessary
Running Checks at 11:31:03 On 23/01/2020
All domains already have our current IP, So no updates nescessary
Running Checks at 11:31:05 On 23/01/2020
All domains already have our current IP, So no updates nescessary
Running Checks at 11:31:06 On 23/01/2020
All domains already have our current IP, So no updates nescessary
Running Checks at 11:31:08 On 23/01/2020
All domains already have our current IP, So no updates nescessary
Running Checks at 11:31:10 On 23/01/2020
All domains already have our current IP, So no updates nescessary
Running Checks at 11:31:12 On 23/01/2020
All domains already have our current IP, So no updates nescessary
Running Checks at 11:31:14 On 23/01/2020
All domains already have our current IP, So no updates nescessary
Running Checks at 11:31:15 On 23/01/2020
All domains already have our current IP, So no updates nescessary
Running Checks at 11:31:17 On 23/01/2020
All domains already have our current IP, So no updates nescessary
Running Checks at 11:31:19 On 23/01/2020
All domains already have our current IP, So no updates nescessary
Running Checks at 11:31:21 On 23/01/2020
All domains already have our current IP, So no updates nescessary
Running Checks at 11:31:23 On 23/01/2020
All domains already have our current IP, So no updates nescessary
Running Checks at 11:31:24 On 23/01/2020
All domains already have our current IP, So no updates nescessary
Running Checks at 11:31:26 On 23/01/2020
All domains already have our current IP, So no updates nescessary
Running Checks at 11:31:28 On 23/01/2020
All domains already have our current IP, So no updates nescessary
Running Checks at 11:31:30 On 23/01/2020
All domains already have our current IP, So no updates nescessary
Running Checks at 11:31:32 On 23/01/2020
All domains already have our current IP, So no updates nescessary
Running Checks at 11:31:34 On 23/01/2020
All domains already have our current IP, So no updates nescessary
Running Checks at 11:31:35 On 23/01/2020
All domains already have our current IP, So no updates nescessary
Running Checks at 11:31:37 On 23/01/2020
All domains already have our current IP, So no updates nescessary
Running Checks at 11:31:39 On 23/01/2020
All domains already have our current IP, So no updates nescessary
Running Checks at 11:31:41 On 23/01/2020
All domains already have our current IP, So no updates nescessary
Running Checks at 11:31:43 On 23/01/2020
All domains already have our current IP, So no updates nescessary
Running Checks at 11:31:44 On 23/01/2020
All domains already have our current IP, So no updates nescessary
Running Checks at 11:31:46 On 23/01/2020
All domains already have our current IP, So no updates nescessary
Running Checks at 11:31:48 On 23/01/2020
All domains already have our current IP, So no updates nescessary
Running Checks at 11:31:50 On 23/01/2020
All domains already have our current IP, So no updates nescessary
Running Checks at 11:31:52 On 23/01/2020
All domains already have our current IP, So no updates nescessary
Running Checks at 11:31:53 On 23/01/2020
All domains already have our current IP, So no updates nescessary
Running Checks at 11:31:55 On 23/01/2020
All domains already have our current IP, So no updates nescessary
Running Checks at 11:31:57 On 23/01/2020
All domains already have our current IP, So no updates nescessary
Running Checks at 11:31:59 On 23/01/2020
All domains already have our current IP, So no updates nescessary
Running Checks at 11:32:01 On 23/01/2020
All domains already have our current IP, So no updates nescessary
Running Checks at 11:32:02 On 23/01/2020
All domains already have our current IP, So no updates nescessary
Running Checks at 11:32:04 On 23/01/2020
All domains already have our current IP, So no updates nescessary
Running Checks at 11:32:06 On 23/01/2020
All domains already have our current IP, So no updates nescessary
Running Checks at 11:32:08 On 23/01/2020
All domains already have our current IP, So no updates nescessary
Running Checks at 11:32:10 On 23/01/2020
All domains already have our current IP, So no updates nescessary
Running Checks at 11:32:11 On 23/01/2020
All domains already have our current IP, So no updates nescessary
Running Checks at 11:32:13 On 23/01/2020
All domains already have our current IP, So no updates nescessary
Running Checks at 11:32:15 On 23/01/2020
All domains already have our current IP, So no updates nescessary
Running Checks at 11:32:17 On 23/01/2020
All domains already have our current IP, So no updates nescessary
Running Checks at 11:32:19 On 23/01/2020
All domains already have our current IP, So no updates nescessary
Running Checks at 11:32:20 On 23/01/2020
All domains already have our current IP, So no updates nescessary
Running Checks at 11:32:22 On 23/01/2020
All domains already have our current IP, So no updates nescessary
Running Checks at 11:32:24 On 23/01/2020
All domains already have our current IP, So no updates nescessary